<?xml version="1.0" encoding="UTF-8" ?>
<testsuite tests="4" failures="0" name="fr.eftl.agence.voyages.test.TestCalculPrixBillet" time="0.281" errors="0" skipped="0">
  <properties>
[...]
</properties>
  <testcase classname="fr.eftl.agence.voyages.test.TestCalculPrixBillet" name="prixBilletClassePremiere" time="0.281"/>
  <testcase classname="fr.eftl.agence.voyages.test.TestCalculPrixBillet" name="prixBilletClasseBusiness" time="0"/>
  <testcase classname="fr.eftl.agence.voyages.test.TestCalculPrixBillet" name="prixBilletClasseDefaut" time="0"/>
  <testcase classname="fr.eftl.agence.voyages.test.TestCalculPrixBillet" name="prixBilletClasseEco" time="0"/>
</testsuite>